# JRE version: OpenJDK Runtime Environment (8.0_222-b10) (build 1.8.0_222-8u222-b10-1ubuntu1~18.04.1-b10)
# Java VM: OpenJDK 64-Bit Server VM (25.222-b10 mixed mode linux-amd64 )
Heap:
 PSYoungGen      total 26576384K, used 946068K [0x00007ef46fb00000, 0x00007efb0fc00000, 0x00007f06c5000000)
  eden space 25364480K, 0% used [0x00007ef46fb00000,0x00007ef46fb00000,0x00007efa7bd00000)
  from space 1211904K, 78% used [0x00007efa7bd00000,0x00007efab58e5368,0x00007efac5c80000)
  to   space 1077248K, 0% used [0x00007eface000000,0x00007eface000000,0x00007efb0fc00000)
 ParOldGen       total 7847936K, used 5271095K [0x00007ecfc5000000, 0x00007ed1a4000000, 0x00007ef46fb00000)
  object space 7847936K, 67% used [0x00007ecfc5000000,0x00007ed106b8dc38,0x00007ed1a4000000)
 Metaspace       used 85744K, capacity 86762K, committed 87296K, reserved 88064K
GC Heap History (10 events):
Event: 111.344 GC heap after
Heap after GC invocations=28 (full 4):
 PSYoungGen      total 21830656K, used 469436K [0x00007ef46fb00000, 0x00007ef9ec080000, 0x00007f06c5000000)
  eden space 20739584K, 0% used [0x00007ef46fb00000,0x00007ef46fb00000,0x00007ef961880000)
  from space 1091072K, 43% used [0x00007ef9a9700000,0x00007ef9c616f150,0x00007ef9ec080000)
  to   space 1134592K, 0% used [0x00007ef961880000,0x00007ef961880000,0x00007ef9a6c80000)
 ParOldGen       total 5051904K, used 2330583K [0x00007ecfc5000000, 0x00007ed0f9580000, 0x00007ef46fb00000)
  object space 5051904K, 46% used [0x00007ecfc5000000,0x00007ed0533f5d68,0x00007ed0f9580000)
 Metaspace       used 84741K, capacity 85957K, committed 86016K, reserved 86016K
}
Event: 116.022 GC heap before
{Heap before GC invocations=29 (full 4):
 PSYoungGen      total 21830656K, used 21209020K [0x00007ef46fb00000, 0x00007ef9ec080000, 0x00007f06c5000000)
  eden space 20739584K, 100% used [0x00007ef46fb00000,0x00007ef961880000,0x00007ef961880000)
  from space 1091072K, 43% used [0x00007ef9a9700000,0x00007ef9c616f150,0x00007ef9ec080000)
  to   space 1134592K, 0% used [0x00007ef961880000,0x00007ef961880000,0x00007ef9a6c80000)
 ParOldGen       total 5051904K, used 2330583K [0x00007ecfc5000000, 0x00007ed0f9580000, 0x00007ef46fb00000)
  object space 5051904K, 46% used [0x00007ecfc5000000,0x00007ed0533f5d68,0x00007ed0f9580000)
 Metaspace       used 85980K, capacity 87228K, committed 87296K, reserved 88064K
Event: 119.902 GC heap after
Heap after GC invocations=29 (full 4):
 PSYoungGen      total 21830656K, used 21209020K [0x00007ef46fb00000, 0x00007ef9ec080000, 0x00007f06c5000000)
  eden space 20739584K, 100% used [0x00007ef46fb00000,0x00007ef961880000,0x00007ef961880000)
  from space 1091072K, 43% used [0x00007ef9a9700000,0x00007ef9c616f150,0x00007ef9ec080000)
  to   space 1134592K, 99% used [0x00007ef961880000,0x00007ef9a6c7c3b0,0x00007ef9a6c80000)
 ParOldGen       total 7107072K, used 7097043K [0x00007ecfc5000000, 0x00007ed176c80000, 0x00007ef46fb00000)
  object space 7107072K, 99% used [0x00007ecfc5000000,0x00007ed1762b4d40,0x00007ed176c80000)
 Metaspace       used 85980K, capacity 87228K, committed 87296K, reserved 88064K
}
Event: 119.902 GC heap before
{Heap before GC invocations=30 (full 5):
 PSYoungGen      total 21830656K, used 21209020K [0x00007ef46fb00000, 0x00007ef9ec080000, 0x00007f06c5000000)
  eden space 20739584K, 100% used [0x00007ef46fb00000,0x00007ef961880000,0x00007ef961880000)
  from space 1091072K, 43% used [0x00007ef9a9700000,0x00007ef9c616f150,0x00007ef9ec080000)
  to   space 1134592K, 99% used [0x00007ef961880000,0x00007ef9a6c7c3b0,0x00007ef9a6c80000)
 ParOldGen       total 7107072K, used 7097043K [0x00007ecfc5000000, 0x00007ed176c80000, 0x00007ef46fb00000)
  object space 7107072K, 99% used [0x00007ecfc5000000,0x00007ed1762b4d40,0x00007ed176c80000)
 Metaspace       used 85980K, capacity 87228K, committed 87296K, reserved 88064K
Event: 122.712 GC heap after
Heap after GC invocations=30 (full 5):
 PSYoungGen      total 21830656K, used 0K [0x00007ef46fb00000, 0x00007ef9ec080000, 0x00007f06c5000000)
  eden space 20739584K, 0% used [0x00007ef46fb00000,0x00007ef46fb00000,0x00007ef961880000)
  from space 1091072K, 0% used [0x00007ef9a9700000,0x00007ef9a9700000,0x00007ef9ec080000)
  to   space 1134592K, 0% used [0x00007ef961880000,0x00007ef961880000,0x00007ef9a6c80000)
 ParOldGen       total 7847936K, used 5271071K [0x00007ecfc5000000, 0x00007ed1a4000000, 0x00007ef46fb00000)
  object space 7847936K, 67% used [0x00007ecfc5000000,0x00007ed106b87c38,0x00007ed1a4000000)
 Metaspace       used 85695K, capacity 86698K, committed 87296K, reserved 88064K
}
Event: 125.171 GC heap before
{Heap before GC invocations=31 (full 5):
 PSYoungGen      total 21830656K, used 20739584K [0x00007ef46fb00000, 0x00007ef9ec080000, 0x00007f06c5000000)
  eden space 20739584K, 100% used [0x00007ef46fb00000,0x00007ef961880000,0x00007ef961880000)
  from space 1091072K, 0% used [0x00007ef9a9700000,0x00007ef9a9700000,0x00007ef9ec080000)
  to   space 1134592K, 0% used [0x00007ef961880000,0x00007ef961880000,0x00007ef9a6c80000)
 ParOldGen       total 7847936K, used 5271071K [0x00007ecfc5000000, 0x00007ed1a4000000, 0x00007ef46fb00000)
  object space 7847936K, 67% used [0x00007ecfc5000000,0x00007ed106b87c38,0x00007ed1a4000000)
 Metaspace       used 85733K, capacity 86762K, committed 87296K, reserved 88064K
Event: 125.212 GC heap after
Heap after GC invocations=31 (full 5):
 PSYoungGen      total 21874176K, used 516794K [0x00007ef46fb00000, 0x00007efb13080000, 0x00007f06c5000000)
  eden space 20739584K, 0% used [0x00007ef46fb00000,0x00007ef46fb00000,0x00007ef961880000)
  from space 1134592K, 45% used [0x00007ef961880000,0x00007ef98112eb00,0x00007ef9a6c80000)
  to   space 1131008K, 0% used [0x00007eface000000,0x00007eface000000,0x00007efb13080000)
 ParOldGen       total 7847936K, used 5271079K [0x00007ecfc5000000, 0x00007ed1a4000000, 0x00007ef46fb00000)
  object space 7847936K, 67% used [0x00007ecfc5000000,0x00007ed106b89c38,0x00007ed1a4000000)
 Metaspace       used 85733K, capacity 86762K, committed 87296K, reserved 88064K
}
Event: 127.660 GC heap before
{Heap before GC invocations=32 (full 5):
 PSYoungGen      total 21874176K, used 21256378K [0x00007ef46fb00000, 0x00007efb13080000, 0x00007f06c5000000)
  eden space 20739584K, 100% used [0x00007ef46fb00000,0x00007ef961880000,0x00007ef961880000)
  from space 1134592K, 45% used [0x00007ef961880000,0x00007ef98112eb00,0x00007ef9a6c80000)
  to   space 1131008K, 0% used [0x00007eface000000,0x00007eface000000,0x00007efb13080000)
 ParOldGen       total 7847936K, used 5271079K [0x00007ecfc5000000, 0x00007ed1a4000000, 0x00007ef46fb00000)
  object space 7847936K, 67% used [0x00007ecfc5000000,0x00007ed106b89c38,0x00007ed1a4000000)
 Metaspace       used 85741K, capacity 86762K, committed 87296K, reserved 88064K
Event: 127.737 GC heap after
Heap after GC invocations=32 (full 5):
 PSYoungGen      total 26441728K, used 760389K [0x00007ef46fb00000, 0x00007efb0fc00000, 0x00007f06c5000000)
  eden space 25364480K, 0% used [0x00007ef46fb00000,0x00007ef46fb00000,0x00007efa7bd00000)
  from space 1077248K, 70% used [0x00007eface000000,0x00007efafc6916e8,0x00007efb0fc00000)
  to   space 1211904K, 0% used [0x00007efa7bd00000,0x00007efa7bd00000,0x00007efac5c80000)
 ParOldGen       total 7847936K, used 5271087K [0x00007ecfc5000000, 0x00007ed1a4000000, 0x00007ef46fb00000)
  object space 7847936K, 67% used [0x00007ecfc5000000,0x00007ed106b8bc38,0x00007ed1a4000000)
 Metaspace       used 85741K, capacity 86762K, committed 87296K, reserved 88064K
}
Event: 131.703 GC heap before
{Heap before GC invocations=33 (full 5):
 PSYoungGen      total 26441728K, used 26124869K [0x00007ef46fb00000, 0x00007efb0fc00000, 0x00007f06c5000000)
  eden space 25364480K, 100% used [0x00007ef46fb00000,0x00007efa7bd00000,0x00007efa7bd00000)
  from space 1077248K, 70% used [0x00007eface000000,0x00007efafc6916e8,0x00007efb0fc00000)
  to   space 1211904K, 0% used [0x00007efa7bd00000,0x00007efa7bd00000,0x00007efac5c80000)
 ParOldGen       total 7847936K, used 5271087K [0x00007ecfc5000000, 0x00007ed1a4000000, 0x00007ef46fb00000)
  object space 7847936K, 67% used [0x00007ecfc5000000,0x00007ed106b8bc38,0x00007ed1a4000000)
 Metaspace       used 85744K, capacity 86762K, committed 87296K, reserved 88064K

